<?xml version="1.0" encoding="UTF-8"?>
<!-- Generated by org.testng.reporters.JUnitReportReporter -->
<testsuite hostname="TYSS-Chandana" failures="0" tests="1" name="beauty.LaunchNykaa_Test" time="26.508" errors="0" timestamp="2024-05-22T16:52:03 IST" skipped="0">
  <testcase classname="beauty.LaunchNykaa_Test" name="nykaa" time="26.508"/>
  <system-out/>
</testsuite> <!-- beauty.LaunchNykaa_Test -->
