<?xml version="1.0" encoding="UTF-8"?>
<!-- Generated by org.testng.reporters.JUnitReportReporter -->
<testsuite hostname="TYSS-Chandana" failures="0" tests="1" name="ecom.DemoWebShop1_Test" time="7.933" errors="0" timestamp="2024-05-22T16:26:04 IST" skipped="0">
  <testcase classname="ecom.DemoWebShop1_Test" name="launch" time="7.933"/>
  <system-out>
testNG installed browser is maximised demowebshop is launched browser is closed  </system-out>
</testsuite> <!-- ecom.DemoWebShop1_Test -->
