<?xml version="1.0" encoding="UTF-8"?>
<!-- Generated by org.testng.reporters.JUnitReportReporter -->
<testsuite hostname="TYSS-Chandana" failures="0" tests="1" name="beauty.LaunchSugar_Test" time="7.943" errors="0" timestamp="2024-05-22T16:52:03 IST" skipped="0">
  <testcase classname="beauty.LaunchSugar_Test" name="sugar" time="7.943"/>
  <system-out>
window is maximized  </system-out>
</testsuite> <!-- beauty.LaunchSugar_Test -->
