<?xml version="1.0" encoding="UTF-8"?>
<!-- Generated by org.testng.reporters.JUnitReportReporter -->
<testsuite hostname="TYSS-Chandana" failures="0" tests="1" name="beauty.LaunchLoreal_Test" time="13.996" errors="0" timestamp="2024-05-23T15:20:55 IST" skipped="0">
  <testcase classname="beauty.LaunchLoreal_Test" name="loreal" time="13.996"/>
  <system-out/>
</testsuite> <!-- beauty.LaunchLoreal_Test -->
