<?xml version="1.0" encoding="UTF-8"?>
<!-- Generated by org.testng.reporters.JUnitReportReporter -->
<testsuite hostname="TYSS-Chandana" failures="0" tests="1" name="food.LaunchPizza_Test" time="5.768" errors="0" timestamp="2024-05-22T16:36:46 IST" skipped="0">
  <testcase classname="food.LaunchPizza_Test" name="pizza" time="5.768"/>
  <system-out/>
</testsuite> <!-- food.LaunchPizza_Test -->
