<?xml version="1.0" encoding="UTF-8"?>
<!-- Generated by org.testng.reporters.JUnitReportReporter -->
<testsuite hostname="TYSS-Chandana" failures="0" tests="1" name="ecom.DemoWebShop3_Test" time="9.766" errors="0" timestamp="2024-05-22T16:26:04 IST" skipped="0">
  <testcase classname="ecom.DemoWebShop3_Test" name="script02" time="9.766"/>
  <system-out>
window is maximized  </system-out>
</testsuite> <!-- ecom.DemoWebShop3_Test -->
