<?xml version="1.0" encoding="UTF-8"?>
<!-- Generated by org.testng.reporters.JUnitReportReporter -->
<testsuite hostname="TYSS-Chandana" failures="0" tests="1" name="food.LaunchKfc_Test" time="5.489" errors="0" timestamp="2024-05-22T16:36:46 IST" skipped="0">
  <testcase classname="food.LaunchKfc_Test" name="kfc" time="5.489"/>
  <system-out/>
</testsuite> <!-- food.LaunchKfc_Test -->
