<?xml version="1.0" encoding="UTF-8"?>
<!-- Generated by org.testng.reporters.JUnitReportReporter -->
<testsuite hostname="TYSS-Chandana" failures="0" tests="1" name="reports.LearningExtentReport" time="14.086" errors="0" timestamp="2024-05-24T15:25:53 IST" skipped="0">
  <testcase classname="reports.LearningExtentReport" name="script" time="14.086"/>
  <system-out/>
</testsuite> <!-- reports.LearningExtentReport -->
